Performing C SOURCE FILE Test CMAKE_HAVE_LIBC_PTHREAD failed with the following output:
Change Dir: /home2/chufansh/dpfile/SparseExt/build/CMakeFiles/CMakeTmp

Run Build Command(s):/opt/rh/devtoolset-9/root/usr/bin/gmake -f Makefile cmTC_77a54/fast && /opt/rh/devtoolset-9/root/usr/bin/gmake  -f CMakeFiles/cmTC_77a54.dir/build.make CMakeFiles/cmTC_77a54.dir/build
gmake[1]: Entering directory '/home2/chufansh/dpfile/SparseExt/build/CMakeFiles/CMakeTmp'
Building C object CMakeFiles/cmTC_77a54.dir/src.c.o
/opt/rh/devtoolset-9/root/usr/bin/cc -DCMAKE_HAVE_LIBC_PTHREAD   -o CMakeFiles/cmTC_77a54.dir/src.c.o -c /home2/chufansh/dpfile/SparseExt/build/CMakeFiles/CMakeTmp/src.c
Linking C executable cmTC_77a54
/home2/chufansh/.local/cmake-3.20.3-linux-x86_64/bin/cmake -E cmake_link_script CMakeFiles/cmTC_77a54.dir/link.txt --verbose=1
/opt/rh/devtoolset-9/root/usr/bin/cc -rdynamic CMakeFiles/cmTC_77a54.dir/src.c.o -o cmTC_77a54 
/opt/rh/devtoolset-9/root/usr/libexec/gcc/x86_64-redhat-linux/9/ld: CMakeFiles/cmTC_77a54.dir/src.c.o: in function `main':
src.c:(.text+0x2d): undefined reference to `pthread_create'
/opt/rh/devtoolset-9/root/usr/libexec/gcc/x86_64-redhat-linux/9/ld: src.c:(.text+0x39): undefined reference to `pthread_detach'
/opt/rh/devtoolset-9/root/usr/libexec/gcc/x86_64-redhat-linux/9/ld: src.c:(.text+0x45): undefined reference to `pthread_cancel'
/opt/rh/devtoolset-9/root/usr/libexec/gcc/x86_64-redhat-linux/9/ld: src.c:(.text+0x56): undefined reference to `pthread_join'
/opt/rh/devtoolset-9/root/usr/libexec/gcc/x86_64-redhat-linux/9/ld: src.c:(.text+0x6a): undefined reference to `pthread_atfork'
collect2: error: ld returned 1 exit status
gmake[1]: *** [CMakeFiles/cmTC_77a54.dir/build.make:99: cmTC_77a54] Error 1
gmake[1]: Leaving directory '/home2/chufansh/dpfile/SparseExt/build/CMakeFiles/CMakeTmp'
gmake: *** [Makefile:127: cmTC_77a54/fast] Error 2


Source file was:
#include <pthread.h>

static void* test_func(void* data)
{
  return data;
}

int main(void)
{
  pthread_t thread;
  pthread_create(&thread, NULL, test_func, NULL);
  pthread_detach(thread);
  pthread_cancel(thread);
  pthread_join(thread, NULL);
  pthread_atfork(NULL, NULL, NULL);
  pthread_exit(NULL);

  return 0;
}

Determining if the function pthread_create exists in the pthreads failed with the following output:
Change Dir: /home2/chufansh/dpfile/SparseExt/build/CMakeFiles/CMakeTmp

Run Build Command(s):/opt/rh/devtoolset-9/root/usr/bin/gmake -f Makefile cmTC_556bd/fast && /opt/rh/devtoolset-9/root/usr/bin/gmake  -f CMakeFiles/cmTC_556bd.dir/build.make CMakeFiles/cmTC_556bd.dir/build
gmake[1]: Entering directory '/home2/chufansh/dpfile/SparseExt/build/CMakeFiles/CMakeTmp'
Building C object CMakeFiles/cmTC_556bd.dir/CheckFunctionExists.c.o
/opt/rh/devtoolset-9/root/usr/bin/cc   -DCHECK_FUNCTION_EXISTS=pthread_create -o CMakeFiles/cmTC_556bd.dir/CheckFunctionExists.c.o -c /home2/chufansh/.local/cmake-3.20.3-linux-x86_64/share/cmake-3.20/Modules/CheckFunctionExists.c
Linking C executable cmTC_556bd
/home2/chufansh/.local/cmake-3.20.3-linux-x86_64/bin/cmake -E cmake_link_script CMakeFiles/cmTC_556bd.dir/link.txt --verbose=1
/opt/rh/devtoolset-9/root/usr/bin/cc  -DCHECK_FUNCTION_EXISTS=pthread_create -rdynamic CMakeFiles/cmTC_556bd.dir/CheckFunctionExists.c.o -o cmTC_556bd  -lpthreads 
/opt/rh/devtoolset-9/root/usr/libexec/gcc/x86_64-redhat-linux/9/ld: cannot find -lpthreads
collect2: error: ld returned 1 exit status
gmake[1]: *** [CMakeFiles/cmTC_556bd.dir/build.make:99: cmTC_556bd] Error 1
gmake[1]: Leaving directory '/home2/chufansh/dpfile/SparseExt/build/CMakeFiles/CMakeTmp'
gmake: *** [Makefile:127: cmTC_556bd/fast] Error 2



